The target system is: Generic - 3.0.99 - arm
The host system is: Linux - 5.15.0-71-generic - x86_64
Compiling the C compiler identification source file "CMakeCCompilerId.c" succeeded.
Compiler: /home/rt/zephyr-sdk-0.14.1/arm-zephyr-eabi/bin/arm-zephyr-eabi-gcc 
Build flags: 
Id flags: -c 

The output was:
0


Compilation of the C compiler identification source "CMakeCCompilerId.c" produced "CMakeCCompilerId.o"

The C compiler identification is GNU, found in "/home/rt/Desktop/Zephyr_examples_codes/rt_02_periodic_thread_DigIO/build/CMakeFiles/3.24.1/CompilerIdC/CMakeCCompilerId.o"

Compiling the CXX compiler identification source file "CMakeCXXCompilerId.cpp" succeeded.
Compiler: /home/rt/zephyr-sdk-0.14.1/arm-zephyr-eabi/bin/arm-zephyr-eabi-g++ 
Build flags: 
Id flags: -c 

The output was:
0


Compilation of the CXX compiler identification source "CMakeCXXCompilerId.cpp" produced "CMakeCXXCompilerId.o"

The CXX compiler identification is GNU, found in "/home/rt/Desktop/Zephyr_examples_codes/rt_02_periodic_thread_DigIO/build/CMakeFiles/3.24.1/CompilerIdCXX/CMakeCXXCompilerId.o"

Checking whether the ASM compiler is GNU using "--version" matched "(GNU assembler)|(GCC)|(Free Software Foundation)":
arm-zephyr-eabi-gcc (Zephyr SDK 0.14.1) 10.3.0
Copyright (C) 2020 Free Software Foundation, Inc.
This is free software; see the source for copying conditions.  There is NO
warranty; not even for MERCHANTABILITY or FITNESS FOR A PARTICULAR PURPOSE.

Performing C SOURCE FILE Test check_fmacro_prefix_map__home_rt_Desktop_Zephyr_examples_codes_rt_02_periodic_thread_DigIO_CMAKE_SOURCE_DIR_C__nostartfiles__nostdlib__isystem___home_rt_zephyr_sdk_0_14_1_arm_zephyr_eabi_bin____lib_gcc_arm_zephyr_eabi_10_3_0_include___isystem___home_rt_zephyr_sdk_0_14_1_arm_zephyr_eabi_bin____lib_gcc_arm_zephyr_eabi_10_3_0_include_fixed___Wl___unresolved_symbols_ignore_in_object_files__Wl___entry_0 succeeded with the following output:
Change Dir: /home/rt/Desktop/Zephyr_examples_codes/rt_02_periodic_thread_DigIO/build/CMakeFiles/CMakeTmp

Run Build Command(s):/usr/bin/ninja cmTC_60496 && [1/2] Building C object CMakeFiles/cmTC_60496.dir/src.c.obj
[2/2] Linking C executable cmTC_60496


Source file was:
int main(void) { return 0; }
